/*C1*/SET SCHEMA SYSTEM_LOBS
INSERT INTO BLOCKS VALUES(0,2147483647,0)
COMMIT
/*C2*/SET SCHEMA PUBLIC
SET DATABASE TRANSACTION CONTROL MVCC
/*C3*/SET SCHEMA PUBLIC
SET DATABASE TRANSACTION CONTROL MVCC
/*C2*/CREATE TABLE numberseries ( serieskey VARCHAR(255)  NOT NULL ,seriestype int default 0  ,currentValue bigint  ,template VARCHAR(255)   , CONSTRAINT PK_2f592cb3f40 PRIMARY KEY  ( serieskey ) )
/*C4*/SET SCHEMA PUBLIC
SET DATABASE TRANSACTION CONTROL MVCC
/*C5*/SET SCHEMA PUBLIC
SET DATABASE TRANSACTION CONTROL MVCC
/*C6*/SET SCHEMA PUBLIC
SET DATABASE TRANSACTION CONTROL MVCC
/*C7*/SET SCHEMA PUBLIC
SET DATABASE TRANSACTION CONTROL MVCC
/*C8*/SET SCHEMA PUBLIC
SET DATABASE TRANSACTION CONTROL MVCC
/*C9*/SET SCHEMA PUBLIC
SET DATABASE TRANSACTION CONTROL MVCC
/*C10*/SET SCHEMA PUBLIC
SET DATABASE TRANSACTION CONTROL MVCC
/*C4*/CREATE TABLE junit_numberseries ( serieskey VARCHAR(255)  NOT NULL ,seriestype int default 0  ,currentValue bigint  ,template VARCHAR(255)   , CONSTRAINT PK_2f592ccc110 PRIMARY KEY  ( serieskey ) )
/*C11*/SET SCHEMA PUBLIC
DISCONNECT
/*C12*/SET SCHEMA PUBLIC
SET DATABASE TRANSACTION CONTROL MVCC
/*C13*/SET SCHEMA PUBLIC
SET DATABASE TRANSACTION CONTROL MVCC
/*C14*/SET SCHEMA PUBLIC
SET DATABASE TRANSACTION CONTROL MVCC
/*C15*/SET SCHEMA PUBLIC
SET DATABASE TRANSACTION CONTROL MVCC
/*C16*/SET SCHEMA PUBLIC
SET DATABASE TRANSACTION CONTROL MVCC
/*C5*/DISCONNECT
/*C17*/SET SCHEMA PUBLIC
SET DATABASE TRANSACTION CONTROL MVCC
/*C6*/DISCONNECT
/*C18*/SET SCHEMA PUBLIC
SET DATABASE TRANSACTION CONTROL MVCC
/*C7*/DISCONNECT
/*C19*/SET SCHEMA PUBLIC
SET DATABASE TRANSACTION CONTROL MVCC
/*C9*/DISCONNECT
/*C20*/SET SCHEMA PUBLIC
SET DATABASE TRANSACTION CONTROL MVCC
/*C10*/DISCONNECT
/*C4*/DISCONNECT
/*C21*/SET SCHEMA PUBLIC
SET DATABASE TRANSACTION CONTROL MVCC
/*C22*/SET SCHEMA PUBLIC
SET DATABASE TRANSACTION CONTROL MVCC
/*C12*/DISCONNECT
/*C23*/SET SCHEMA PUBLIC
SET DATABASE TRANSACTION CONTROL MVCC
/*C13*/DISCONNECT
/*C24*/SET SCHEMA PUBLIC
SET DATABASE TRANSACTION CONTROL MVCC
/*C8*/DISCONNECT
/*C15*/DISCONNECT
/*C25*/SET SCHEMA PUBLIC
SET DATABASE TRANSACTION CONTROL MVCC
/*C26*/SET SCHEMA PUBLIC
SET DATABASE TRANSACTION CONTROL MVCC
/*C14*/DISCONNECT
/*C27*/SET SCHEMA PUBLIC
SET DATABASE TRANSACTION CONTROL MVCC
/*C16*/DISCONNECT
/*C28*/SET SCHEMA PUBLIC
SET DATABASE TRANSACTION CONTROL MVCC
/*C3*/DISCONNECT
/*C29*/SET SCHEMA PUBLIC
SET DATABASE TRANSACTION CONTROL MVCC
/*C18*/DISCONNECT
/*C30*/SET SCHEMA PUBLIC
SET DATABASE TRANSACTION CONTROL MVCC
/*C17*/DISCONNECT
/*C31*/SET SCHEMA PUBLIC
SET DATABASE TRANSACTION CONTROL MVCC
/*C19*/DISCONNECT
/*C32*/SET SCHEMA PUBLIC
SET DATABASE TRANSACTION CONTROL MVCC
/*C20*/DISCONNECT
/*C33*/SET SCHEMA PUBLIC
SET DATABASE TRANSACTION CONTROL MVCC
/*C23*/DISCONNECT
/*C34*/SET SCHEMA PUBLIC
SET DATABASE TRANSACTION CONTROL MVCC
/*C24*/DISCONNECT
/*C35*/SET SCHEMA PUBLIC
SET DATABASE TRANSACTION CONTROL MVCC
/*C25*/DISCONNECT
/*C26*/DISCONNECT
/*C36*/SET SCHEMA PUBLIC
SET DATABASE TRANSACTION CONTROL MVCC
/*C37*/SET SCHEMA PUBLIC
SET DATABASE TRANSACTION CONTROL MVCC
/*C27*/DISCONNECT
/*C38*/SET SCHEMA PUBLIC
SET DATABASE TRANSACTION CONTROL MVCC
/*C28*/DISCONNECT
/*C39*/SET SCHEMA PUBLIC
SET DATABASE TRANSACTION CONTROL MVCC
/*C21*/DISCONNECT
/*C22*/DISCONNECT
/*C40*/SET SCHEMA PUBLIC
SET DATABASE TRANSACTION CONTROL MVCC
/*C41*/SET SCHEMA PUBLIC
SET DATABASE TRANSACTION CONTROL MVCC
/*C2*/DISCONNECT
/*C42*/SET SCHEMA PUBLIC
SET DATABASE TRANSACTION CONTROL MVCC
